2023.12.04 11:51:58 INFO  Started: Metals version 1.1.0 in folders 'C:\GitHub\mts_lt-1' for client Visual Studio Code 1.84.2.
2023.12.04 11:51:59 INFO  Attempting to connect to the build server...
2023.12.04 11:51:59 INFO  Bloop uses C:\Program Files\Java\jre1.8.0_361 defined at C:\Users\n.kiryushchenko\.bloop\bloop.json
2023.12.04 11:52:00 INFO  tracing is disabled for protocol BSP, to enable tracing of incoming and outgoing JSON messages create an empty file at C:\GitHub\mts_lt-1\.metals\bsp.trace.json or C:\Users\n.kiryushchenko\AppData\Local\scalameta\metals\cache\bsp.trace.json
2023.12.04 11:52:01 WARN  Scala instance jar c:\Users\Nick\Library\Caches\Coursier\v1\https\repo1.maven.org\maven2\org\scala-lang\scala-library\2.13.8\scala-library-2.13.8.jar doesn't exist!
2023.12.04 11:52:01 WARN  Scala instance jar c:\Users\Nick\Library\Caches\Coursier\v1\https\repo1.maven.org\maven2\org\scala-lang\scala-library\2.13.8\scala-library-2.13.8.jar doesn't exist!
2023.12.04 11:52:01 WARN  Scala instance jar c:\Users\Nick\Library\Caches\Coursier\v1\https\repo1.maven.org\maven2\org\scala-lang\scala-compiler\2.13.8\scala-compiler-2.13.8.jar doesn't exist!
2023.12.04 11:52:01 WARN  Scala instance jar c:\Users\Nick\Library\Caches\Coursier\v1\https\repo1.maven.org\maven2\org\scala-lang\scala-reflect\2.13.8\scala-reflect-2.13.8.jar doesn't exist!
2023.12.04 11:52:01 WARN  Scala instance jar c:\Users\Nick\Library\Caches\Coursier\v1\https\repo1.maven.org\maven2\org\jline\jline\3.21.0\jline-3.21.0.jar doesn't exist!
2023.12.04 11:52:01 WARN  Scala instance jar c:\Users\Nick\Library\Caches\Coursier\v1\https\repo1.maven.org\maven2\org\scala-lang\scala-library\2.13.8\scala-library-2.13.8.jar doesn't exist!
2023.12.04 11:52:01 WARN  Scala instance jar c:\Users\Nick\Library\Caches\Coursier\v1\https\repo1.maven.org\maven2\net\java\dev\jna\jna\5.9.0\jna-5.9.0.jar doesn't exist!
2023.12.04 11:52:01 WARN  Scala instance jar c:\Users\Nick\Library\Caches\Coursier\v1\https\repo1.maven.org\maven2\org\scala-lang\scala-compiler\2.13.8\scala-compiler-2.13.8.jar doesn't exist!
2023.12.04 11:52:01 WARN  Scala instance jar c:\Users\Nick\Library\Caches\Coursier\v1\https\repo1.maven.org\maven2\org\scala-lang\scala-compiler\2.13.8\scala-compiler-2.13.8.jar doesn't exist!
2023.12.04 11:52:01 WARN  Scala instance jar c:\Users\Nick\Library\Caches\Coursier\v1\https\repo1.maven.org\maven2\org\scala-lang\scala-reflect\2.13.8\scala-reflect-2.13.8.jar doesn't exist!
2023.12.04 11:52:01 WARN  Scala instance jar c:\Users\Nick\Library\Caches\Coursier\v1\https\repo1.maven.org\maven2\org\jline\jline\3.21.0\jline-3.21.0.jar doesn't exist!
2023.12.04 11:52:01 WARN  Scala instance jar c:\Users\Nick\Library\Caches\Coursier\v1\https\repo1.maven.org\maven2\net\java\dev\jna\jna\5.9.0\jna-5.9.0.jar doesn't exist!
2023.12.04 11:52:01 WARN  Scala instance jar c:\Users\Nick\Library\Caches\Coursier\v1\https\repo1.maven.org\maven2\org\scala-lang\scala-reflect\2.13.8\scala-reflect-2.13.8.jar doesn't exist!
2023.12.04 11:52:01 WARN  Scala instance jar c:\Users\Nick\Library\Caches\Coursier\v1\https\repo1.maven.org\maven2\org\jline\jline\3.21.0\jline-3.21.0.jar doesn't exist!
2023.12.04 11:52:01 WARN  Scala instance jar c:\Users\Nick\Library\Caches\Coursier\v1\https\repo1.maven.org\maven2\net\java\dev\jna\jna\5.9.0\jna-5.9.0.jar doesn't exist!
2023.12.04 11:52:00 ERROR Failed to connect with build server, no functionality will work.
java.util.concurrent.ExecutionException: org.eclipse.lsp4j.jsonrpc.MessageIssueException: Message could not be parsed.
	at java.util.concurrent.CompletableFuture.reportGet(null)
	at java.util.concurrent.CompletableFuture.get(null)
	at scala.meta.internal.metals.BuildServerConnection$.initialize(BuildServerConnection.scala:586)
	at scala.meta.internal.metals.BuildServerConnection$.$anonfun$fromSockets$1(BuildServerConnection.scala:481)
	at scala.concurrent.impl.Promise$Transformation.run(Promise.scala:467)
	at java.util.concurrent.ThreadPoolExecutor.runWorker(null)
	at java.util.concurrent.ThreadPoolExecutor$Worker.run(null)
	at java.lang.Thread.run(null)
Caused by: org.eclipse.lsp4j.jsonrpc.MessageIssueException: Message could not be parsed.
	at org.eclipse.lsp4j.jsonrpc.RemoteEndpoint.handleResponseIssues(RemoteEndpoint.java:358)
	at org.eclipse.lsp4j.jsonrpc.RemoteEndpoint.handle(RemoteEndpoint.java:317)
	at org.eclipse.lsp4j.jsonrpc.json.StreamMessageProducer.handleMessage(StreamMessageProducer.java:198)
	at org.eclipse.lsp4j.jsonrpc.json.StreamMessageProducer.listen(StreamMessageProducer.java:94)
	at org.eclipse.lsp4j.jsonrpc.json.ConcurrentMessageProcessor.run(ConcurrentMessageProcessor.java:113)
	at java.util.concurrent.Executors$RunnableAdapter.call(null)
	at java.util.concurrent.FutureTask.run(null)
	at java.util.concurrent.ThreadPoolExecutor.runWorker(null)
	at java.util.concurrent.ThreadPoolExecutor$Worker.run(null)
	at java.lang.Thread.run(null)

2023.12.04 11:52:01 WARN  no build target for: C:\GitHub\mts_lt-1\weather\src\test\scala\ru\mts\perf\weather\GatlingRunner.scala
2023.12.04 11:52:02 INFO  no build target found for C:\GitHub\mts_lt-1\weather\src\test\scala\ru\mts\perf\weather\GatlingRunner.scala. Using presentation compiler with project's scala-library version: 3.3.1
2023.12.04 11:52:03 INFO  running 'C:\Program Files\Java\jre1.8.0_361\bin\java.exe -Djline.terminal=jline.UnsupportedTerminal -Dsbt.log.noformat=true -Dfile.encoding=UTF-8 -jar C:\Users\N1A26~1.KIR\AppData\Local\Temp\metals8603001008888833529\sbt-launch.jar -Dbloop.export-jar-classifiers=sources bloopInstall'
2023.12.04 11:52:06 INFO  time: code lens generation in 5.05s
2023.12.04 11:52:07 INFO  [info] welcome to sbt 1.7.1 (Oracle Corporation Java 1.8.0_361)
2023.12.04 11:52:09 INFO  [info] loading settings for project weather-build-build-build from metals.sbt ...
2023.12.04 11:52:09 INFO  [info] loading project definition from C:\GitHub\mts_lt-1\weather\project\project\project
2023.12.04 11:52:13 INFO  [info] loading settings for project weather-build-build from metals.sbt ...
2023.12.04 11:52:13 INFO  [info] loading project definition from C:\GitHub\mts_lt-1\weather\project\project
2023.12.04 11:52:16 INFO  [success] Generated .bloop\weather-build-build.json
2023.12.04 11:52:16 INFO  [success] Total time: 3 s, completed 04.12.2023 11:52:16
2023.12.04 11:52:17 INFO  [info] loading settings for project weather-build from metals.sbt,plugins.sbt ...
2023.12.04 11:52:17 INFO  [info] loading project definition from C:\GitHub\mts_lt-1\weather\project
2023.12.04 11:52:19 INFO  [success] Generated .bloop\weather-build.json
2023.12.04 11:52:19 INFO  [info] compiling 1 Scala source to C:\GitHub\mts_lt-1\weather\project\target\scala-2.12\sbt-1.0\classes ...
2023.12.04 11:52:24 INFO  [info] done compiling
2023.12.04 11:52:24 INFO  [success] Total time: 7 s, completed 04.12.2023 11:52:25
2023.12.04 11:52:26 INFO  [info] loading settings for project root from build.sbt ...
2023.12.04 11:52:26 INFO  [info] set current project to weather (in build file:/C:/GitHub/mts_lt-1/weather/)
2023.12.04 11:52:29 INFO  [success] Generated .bloop\root-it.json
2023.12.04 11:52:29 INFO  [success] Generated .bloop\root.json
2023.12.04 11:52:29 INFO  [success] Generated .bloop\root-test.json
2023.12.04 11:52:29 INFO  [success] Total time: 3 s, completed 04.12.2023 11:52:30
2023.12.04 11:52:30 INFO  time: ran 'sbt bloopInstall' in 27s
2023.12.04 11:52:30 INFO  Attempting to connect to the build server...
2023.12.04 11:52:30 INFO  Bloop uses C:\Program Files\Java\jre1.8.0_361 defined at C:\Users\n.kiryushchenko\.bloop\bloop.json
2023.12.04 11:52:30 INFO  tracing is disabled for protocol BSP, to enable tracing of incoming and outgoing JSON messages create an empty file at C:\GitHub\mts_lt-1\.metals\bsp.trace.json or C:\Users\n.kiryushchenko\AppData\Local\scalameta\metals\cache\bsp.trace.json
2023.12.04 11:52:32 INFO  time: Connected to build server in 1.88s
2023.12.04 11:52:32 INFO  Connected to Build server: Bloop v1.5.11
2023.12.04 11:52:32 INFO  time: Imported build in 0.13s
2023.12.04 11:52:33 WARN  Could not find java sources in C:\Program Files\Java\src.zip, C:\Program Files\Java\lib\src.zip, C:\Program Files\Java\jre1.8.0_361\src.zip, C:\Program Files\Java\jre1.8.0_361\lib\src.zip, C:\Program Files\Java\src.zip, C:\Program Files\Java\lib\src.zip, C:\Program Files\Java\jre1.8.0_361\src.zip, C:\Program Files\Java\jre1.8.0_361\lib\src.zip. Java symbols will not be available.
2023.12.04 11:52:36 WARN  Could not find java sources in C:\Program Files\Java\src.zip, C:\Program Files\Java\lib\src.zip, C:\Program Files\Java\jre1.8.0_361\src.zip, C:\Program Files\Java\jre1.8.0_361\lib\src.zip, C:\Program Files\Java\src.zip, C:\Program Files\Java\lib\src.zip, C:\Program Files\Java\jre1.8.0_361\src.zip, C:\Program Files\Java\jre1.8.0_361\lib\src.zip. Java symbols will not be available.
2023.12.04 11:52:36 WARN  Could not find java sources in C:\Program Files\Java\src.zip, C:\Program Files\Java\lib\src.zip, C:\Program Files\Java\jre1.8.0_361\src.zip, C:\Program Files\Java\jre1.8.0_361\lib\src.zip, C:\Program Files\Java\src.zip, C:\Program Files\Java\lib\src.zip, C:\Program Files\Java\jre1.8.0_361\src.zip, C:\Program Files\Java\jre1.8.0_361\lib\src.zip. Java symbols will not be available.
2023.12.04 11:52:36 INFO  time: indexed workspace in 3.9s
2023.12.04 11:52:36 INFO  compiling root-test (11 scala sources)
2023.12.04 11:52:39 INFO  time: compiled root-test in 3.14s
δεκ 04, 2023 3:30:21 PM org.eclipse.lsp4j.jsonrpc.RemoteEndpoint handleCancellation
WARNING: Unmatched cancel notification for request id 25
δεκ 04, 2023 3:30:21 PM org.eclipse.lsp4j.jsonrpc.RemoteEndpoint handleCancellation
WARNING: Unmatched cancel notification for request id 28
δεκ 04, 2023 3:30:22 PM scala.meta.internal.pc.CompilerAccess retryWithCleanCompiler
INFO: compiler crashed due to an error in the Scala compiler, retrying with new compiler instance.
δεκ 04, 2023 3:30:23 PM org.eclipse.lsp4j.jsonrpc.RemoteEndpoint handleCancellation
WARNING: Unmatched cancel notification for request id 39
δεκ 04, 2023 3:31:37 PM org.eclipse.lsp4j.jsonrpc.RemoteEndpoint handleCancellation
WARNING: Unmatched cancel notification for request id 191
2023.12.04 15:33:46 INFO  compiling root-test (1 scala source)
2023.12.04 15:33:49 INFO  time: compiled root-test in 2.79s
δεκ 04, 2023 3:33:51 PM org.eclipse.lsp4j.jsonrpc.RemoteEndpoint handleCancellation
WARNING: Unmatched cancel notification for request id 322
2023.12.04 15:33:54 INFO  compiling root-test (1 scala source)
2023.12.04 15:33:54 INFO  time: compiled root-test in 0.94s
2023.12.04 15:34:37 INFO  compiling root-test (1 scala source)
2023.12.04 15:34:37 INFO  time: compiled root-test in 0.93s
δεκ 04, 2023 3:35:39 PM org.eclipse.lsp4j.jsonrpc.RemoteEndpoint handleCancellation
WARNING: Unmatched cancel notification for request id 490
2023.12.04 15:35:42 INFO  compiling root-test (1 scala source)
2023.12.04 15:35:42 INFO  time: compiled root-test in 0.84s
2023.12.04 15:35:59 INFO  compiling root-test (1 scala source)
2023.12.04 15:35:59 INFO  time: compiled root-test in 0.87s
2023.12.04 15:36:05 INFO  compiling root-test (1 scala source)
Exception in thread "pool-5-thread-1" java.lang.Error: java.lang.InterruptedException
	at java.util.concurrent.ThreadPoolExecutor.runWorker(Unknown Source)
	at java.util.concurrent.ThreadPoolExecutor$Worker.run(Unknown Source)
	at java.lang.Thread.run(Unknown Source)
Caused by: java.lang.InterruptedException
	at scala.meta.internal.metals.FutureCancelToken.checkCanceled(FutureCancelToken.scala:29)
	at scala.meta.internal.pc.CompilerAccess.$anonfun$onCompilerJobQueue$1(CompilerAccess.scala:230)
	at scala.meta.internal.pc.CompilerJobQueue$Job.run(CompilerJobQueue.scala:152)
	... 3 more
2023.12.04 15:36:06 INFO  time: compiled root-test in 1.1s
2023.12.04 15:36:08 INFO  compiling root-test (1 scala source)
2023.12.04 15:36:10 INFO  time: compiled root-test in 1.79s
2023.12.04 15:48:22 INFO  compiling root-test (1 scala source)
2023.12.04 15:48:26 INFO  time: compiled root-test in 4.01s
δεκ 04, 2023 3:48:45 PM scala.meta.internal.pc.CompilerAccess handleError
SEVERE: A severe compiler error occurred, full details of the error can be found in the error report C:\GitHub\mts_lt-1\.metals\.reports\metals-full\2023-12-04\r_compiler-error_(root-test)_15-48-45-208.md
2023.12.04 15:48:45 WARN  Could not find semantic tokens for: file:///C:/GitHub/mts_lt-1/weather/src/test/scala/ru/mts/perf/weather/cases/WeatherForecast.scala
δεκ 04, 2023 3:49:19 PM org.eclipse.lsp4j.jsonrpc.RemoteEndpoint handleCancellation
WARNING: Unmatched cancel notification for request id 735
2023.12.04 15:49:22 INFO  compiling root-test (1 scala source)
2023.12.04 15:49:24 INFO  time: compiled root-test in 1.71s
δεκ 04, 2023 3:49:24 PM org.eclipse.lsp4j.jsonrpc.RemoteEndpoint handleCancellation
WARNING: Unmatched cancel notification for request id 746
δεκ 04, 2023 3:49:53 PM scala.meta.internal.pc.CompilerAccess handleError
SEVERE: A severe compiler error occurred, full details of the error can be found in the error report C:\GitHub\mts_lt-1\.metals\.reports\metals-full\2023-12-04\r_compiler-error_(root-test)_15-49-53-737.md
2023.12.04 15:49:53 WARN  Could not find semantic tokens for: file:///C:/GitHub/mts_lt-1/weather/src/test/scala/ru/mts/perf/weather/cases/WeatherForecast.scala
δεκ 04, 2023 3:49:56 PM org.eclipse.lsp4j.jsonrpc.RemoteEndpoint handleCancellation
WARNING: Unmatched cancel notification for request id 769
2023.12.04 15:50:02 INFO  compiling root-test (1 scala source)
2023.12.04 15:50:02 INFO  time: compiled root-test in 0.92s
δεκ 04, 2023 3:50:28 PM scala.meta.internal.pc.CompilerAccess handleError
SEVERE: A severe compiler error occurred, full details of the error can be found in the error report C:\GitHub\mts_lt-1\.metals\.reports\metals-full\2023-12-04\r_compiler-error_(root-test)_15-50-28-241.md
2023.12.04 15:50:28 WARN  Could not find semantic tokens for: file:///C:/GitHub/mts_lt-1/weather/src/test/scala/ru/mts/perf/weather/scenarios/ForecastScenario.scala
2023.12.04 15:54:29 INFO  compiling root-test (1 scala source)
2023.12.04 15:54:30 INFO  time: compiled root-test in 1.03s
2023.12.04 15:54:30 INFO  compiling root-test (1 scala source)
2023.12.04 15:54:30 INFO  time: compiled root-test in 0.4s
2023.12.04 16:01:04 INFO  compiling root-test (2 scala sources)
2023.12.04 16:01:04 INFO  time: compiled root-test in 0.93s
δεκ 04, 2023 4:07:29 PM scala.meta.internal.pc.CompilerAccess handleError
SEVERE: A severe compiler error occurred, full details of the error can be found in the error report C:\GitHub\mts_lt-1\.metals\.reports\metals-full\2023-12-04\r_compiler-error_(root-test)_16-07-29-792.md
2023.12.04 16:07:29 WARN  Could not find semantic tokens for: file:///C:/GitHub/mts_lt-1/weather/src/test/scala/ru/mts/perf/weather/cases/Forecast.scala
2023.12.04 16:15:20 INFO  compiling root-test (1 scala source)
2023.12.04 16:15:23 INFO  time: compiled root-test in 3.24s
δεκ 04, 2023 4:15:30 PM scala.meta.internal.pc.CompilerAccess handleError
SEVERE: A severe compiler error occurred, full details of the error can be found in the error report C:\GitHub\mts_lt-1\.metals\.reports\metals-full\2023-12-04\r_compiler-error_(root-test)_16-15-30-840.md
2023.12.04 16:15:30 WARN  Could not find semantic tokens for: file:///C:/GitHub/mts_lt-1/weather/src/test/scala/ru/mts/perf/weather/Debug.scala
2023.12.04 16:15:32 INFO  compiling root-test (1 scala source)
2023.12.04 16:15:35 INFO  time: compiled root-test in 2.19s
δεκ 04, 2023 4:16:52 PM scala.meta.internal.pc.CompilerAccess handleError
SEVERE: A severe compiler error occurred, full details of the error can be found in the error report C:\GitHub\mts_lt-1\.metals\.reports\metals-full\2023-12-04\r_compiler-error_(root-test)_16-16-52-605.md
2023.12.04 16:16:52 WARN  Could not find semantic tokens for: file:///C:/GitHub/mts_lt-1/weather/src/test/scala/ru/mts/perf/weather/scenarios/ForecastScenario.scala
2023.12.04 16:17:09 INFO  compiling root-test (1 scala source)
2023.12.04 16:17:11 INFO  time: compiled root-test in 2.03s
δεκ 04, 2023 4:17:37 PM scala.meta.internal.pc.CompilerAccess handleError
SEVERE: A severe compiler error occurred, full details of the error can be found in the error report C:\GitHub\mts_lt-1\.metals\.reports\metals-full\2023-12-04\r_compiler-error_(root-test)_16-17-37-672.md
2023.12.04 16:17:37 WARN  Could not find semantic tokens for: file:///C:/GitHub/mts_lt-1/weather/src/test/scala/ru/mts/perf/weather/scenarios/ForecastScenario.scala
2023.12.04 16:22:19 INFO  compiling root-test (1 scala source)
δεκ 04, 2023 4:22:21 PM org.eclipse.lsp4j.jsonrpc.RemoteEndpoint handleCancellation
WARNING: Unmatched cancel notification for request id 1316
2023.12.04 16:22:29 INFO  time: compiled root-test in 9.33s
2023.12.04 16:22:31 WARN  Could not load snapshot text for C:\GitHub\mts_lt-1\weather\src\test\scala\ru\mts\perf\weather\cases\Forecast.scala
2023.12.04 16:22:33 WARN  Could not load snapshot text for C:\GitHub\mts_lt-1\weather\src\test\scala\ru\mts\perf\weather\cases\Forecast.scala
2023.12.04 16:23:23 INFO  compiling root-test (1 scala source)
2023.12.04 16:23:24 INFO  time: compiled root-test in 1.11s
2023.12.04 16:23:31 INFO  compiling root-test (1 scala source)
2023.12.04 16:23:32 INFO  time: compiled root-test in 1.06s
2023.12.04 16:23:57 WARN  Could not load snapshot text for C:\GitHub\mts_lt-1\weather\src\test\scala\ru\mts\perf\weather\cases\Forecast.scala
δεκ 04, 2023 4:23:57 PM scala.meta.internal.pc.CompilerAccess handleError
SEVERE: A severe compiler error occurred, full details of the error can be found in the error report C:\GitHub\mts_lt-1\.metals\.reports\metals-full\2023-12-04\r_compiler-error_(root-test)_16-23-57-511.md
2023.12.04 16:23:57 WARN  Could not find semantic tokens for: file:///C:/GitHub/mts_lt-1/weather/src/test/scala/ru/mts/perf/weather/cases/Forecast.scala
2023.12.04 16:51:54 WARN  Could not load snapshot text for C:\GitHub\mts_lt-1\weather\src\test\scala\ru\mts\perf\weather\cases\Forecast.scala
δεκ 04, 2023 4:51:58 PM org.eclipse.lsp4j.jsonrpc.RemoteEndpoint handleCancellation
WARNING: Unmatched cancel notification for request id 1419
2023.12.04 16:52:07 WARN  Could not load snapshot text for C:\GitHub\mts_lt-1\weather\src\test\scala\ru\mts\perf\weather\cases\Forecast.scala
2023.12.04 16:52:21 WARN  Could not load snapshot text for C:\GitHub\mts_lt-1\weather\src\test\scala\ru\mts\perf\weather\cases\Forecast.scala
δεκ 04, 2023 4:52:22 PM org.eclipse.lsp4j.jsonrpc.RemoteEndpoint handleCancellation
WARNING: Unmatched cancel notification for request id 1477
δεκ 04, 2023 4:52:22 PM org.eclipse.lsp4j.jsonrpc.RemoteEndpoint handleCancellation
WARNING: Unmatched cancel notification for request id 1483
2023.12.04 16:52:22 WARN  Could not load snapshot text for C:\GitHub\mts_lt-1\weather\src\test\scala\ru\mts\perf\weather\cases\Forecast.scala
δεκ 04, 2023 4:52:22 PM org.eclipse.lsp4j.jsonrpc.RemoteEndpoint handleCancellation
WARNING: Unmatched cancel notification for request id 1489
2023.12.04 16:53:41 WARN  Could not load snapshot text for C:\GitHub\mts_lt-1\weather\src\test\scala\ru\mts\perf\weather\cases\Forecast.scala
2023.12.04 16:53:44 WARN  Could not load snapshot text for C:\GitHub\mts_lt-1\weather\src\test\scala\ru\mts\perf\weather\cases\Forecast.scala
δεκ 04, 2023 5:00:36 PM scala.meta.internal.pc.CompilerAccess handleError
SEVERE: A severe compiler error occurred, full details of the error can be found in the error report C:\GitHub\mts_lt-1\.metals\.reports\metals-full\2023-12-04\r_compiler-error_(root-test)_17-00-36-527.md
2023.12.04 17:00:36 WARN  Could not find semantic tokens for: file:///C:/GitHub/mts_lt-1/weather/src/test/scala/ru/mts/perf/weather/cases/Forecast.scala
2023.12.04 17:00:36 WARN  Could not load snapshot text for C:\GitHub\mts_lt-1\weather\src\test\scala\ru\mts\perf\weather\cases\Forecast.scala
2023.12.04 20:47:21 INFO  Started: Metals version 1.1.0 in folders '/Users/Nick/Git/mts_lt' for client Visual Studio Code 1.84.2.
2023.12.04 20:47:26 INFO  Attempting to connect to the build server...
2023.12.04 20:47:26 INFO  Bloop uses /Library/Internet Plug-Ins/JavaAppletPlugin.plugin/Contents/Home defined at /Users/Nick/.bloop/bloop.json
2023.12.04 20:47:27 INFO  tracing is disabled for protocol BSP, to enable tracing of incoming and outgoing JSON messages create an empty file at /Users/Nick/Git/mts_lt/.metals/bsp.trace.json or /Users/Nick/Library/Caches/org.scalameta.metals/bsp.trace.json
2023.12.04 20:47:27 WARN  Scala instance jar /Users/Nick/Documents/tests/mts/C:\Users\n.kiryushchenko\AppData\Local\Coursier\Cache\v1\https\repo1.maven.org\maven2\org\scala-lang\scala-library\2.13.8\scala-library-2.13.8.jar doesn't exist!
2023.12.04 20:47:27 WARN  Scala instance jar /Users/Nick/Documents/tests/mts/C:\Users\n.kiryushchenko\AppData\Local\Coursier\Cache\v1\https\repo1.maven.org\maven2\org\scala-lang\scala-library\2.13.8\scala-library-2.13.8.jar doesn't exist!
2023.12.04 20:47:27 WARN  Scala instance jar /Users/Nick/Documents/tests/mts/C:\Users\n.kiryushchenko\AppData\Local\Coursier\Cache\v1\https\repo1.maven.org\maven2\org\scala-lang\scala-compiler\2.13.8\scala-compiler-2.13.8.jar doesn't exist!
2023.12.04 20:47:27 WARN  Scala instance jar /Users/Nick/Documents/tests/mts/C:\Users\n.kiryushchenko\AppData\Local\Coursier\Cache\v1\https\repo1.maven.org\maven2\org\scala-lang\scala-reflect\2.13.8\scala-reflect-2.13.8.jar doesn't exist!
2023.12.04 20:47:27 WARN  Scala instance jar /Users/Nick/Documents/tests/mts/C:\Users\n.kiryushchenko\AppData\Local\Coursier\Cache\v1\https\repo1.maven.org\maven2\org\scala-lang\scala-compiler\2.13.8\scala-compiler-2.13.8.jar doesn't exist!
2023.12.04 20:47:27 WARN  Scala instance jar /Users/Nick/Documents/tests/mts/C:\Users\n.kiryushchenko\AppData\Local\Coursier\Cache\v1\https\repo1.maven.org\maven2\org\scala-lang\scala-reflect\2.13.8\scala-reflect-2.13.8.jar doesn't exist!
2023.12.04 20:47:27 WARN  Scala instance jar /Users/Nick/Documents/tests/mts/C:\Users\n.kiryushchenko\AppData\Local\Coursier\Cache\v1\https\repo1.maven.org\maven2\org\jline\jline\3.21.0\jline-3.21.0.jar doesn't exist!
2023.12.04 20:47:27 WARN  Scala instance jar /Users/Nick/Documents/tests/mts/C:\Users\n.kiryushchenko\AppData\Local\Coursier\Cache\v1\https\repo1.maven.org\maven2\net\java\dev\jna\jna\5.9.0\jna-5.9.0.jar doesn't exist!
2023.12.04 20:47:27 WARN  Scala instance jar /Users/Nick/Documents/tests/mts/C:\Users\n.kiryushchenko\AppData\Local\Coursier\Cache\v1\https\repo1.maven.org\maven2\org\jline\jline\3.21.0\jline-3.21.0.jar doesn't exist!
2023.12.04 20:47:27 WARN  Scala instance jar /Users/Nick/Documents/tests/mts/C:\Users\n.kiryushchenko\AppData\Local\Coursier\Cache\v1\https\repo1.maven.org\maven2\net\java\dev\jna\jna\5.9.0\jna-5.9.0.jar doesn't exist!
2023.12.04 20:47:27 WARN  Scala instance jar /Users/Nick/Documents/tests/mts/C:\Users\n.kiryushchenko\AppData\Local\Coursier\Cache\v1\https\repo1.maven.org\maven2\org\scala-lang\scala-library\2.13.8\scala-library-2.13.8.jar doesn't exist!
2023.12.04 20:47:27 WARN  Scala instance jar /Users/Nick/Documents/tests/mts/C:\Users\n.kiryushchenko\AppData\Local\Coursier\Cache\v1\https\repo1.maven.org\maven2\org\scala-lang\scala-compiler\2.13.8\scala-compiler-2.13.8.jar doesn't exist!
2023.12.04 20:47:27 WARN  Scala instance jar /Users/Nick/Documents/tests/mts/C:\Users\n.kiryushchenko\AppData\Local\Coursier\Cache\v1\https\repo1.maven.org\maven2\org\scala-lang\scala-reflect\2.13.8\scala-reflect-2.13.8.jar doesn't exist!
2023.12.04 20:47:27 WARN  Scala instance jar /Users/Nick/Documents/tests/mts/C:\Users\n.kiryushchenko\AppData\Local\Coursier\Cache\v1\https\repo1.maven.org\maven2\org\jline\jline\3.21.0\jline-3.21.0.jar doesn't exist!
2023.12.04 20:47:27 WARN  Scala instance jar /Users/Nick/Documents/tests/mts/C:\Users\n.kiryushchenko\AppData\Local\Coursier\Cache\v1\https\repo1.maven.org\maven2\net\java\dev\jna\jna\5.9.0\jna-5.9.0.jar doesn't exist!
2023.12.04 20:47:27 ERROR Failed to connect with build server, no functionality will work.
java.util.concurrent.ExecutionException: org.eclipse.lsp4j.jsonrpc.MessageIssueException: Message could not be parsed.
	at java.util.concurrent.CompletableFuture.reportGet(CompletableFuture.java:357)
	at java.util.concurrent.CompletableFuture.get(CompletableFuture.java:1928)
	at scala.meta.internal.metals.BuildServerConnection$.initialize(BuildServerConnection.scala:586)
	at scala.meta.internal.metals.BuildServerConnection$.$anonfun$fromSockets$1(BuildServerConnection.scala:481)
	at scala.concurrent.impl.Promise$Transformation.run(Promise.scala:467)
	at java.util.concurrent.ThreadPoolExecutor.runWorker(ThreadPoolExecutor.java:1149)
	at java.util.concurrent.ThreadPoolExecutor$Worker.run(ThreadPoolExecutor.java:624)
	at java.lang.Thread.run(Thread.java:750)
Caused by: org.eclipse.lsp4j.jsonrpc.MessageIssueException: Message could not be parsed.
	at org.eclipse.lsp4j.jsonrpc.RemoteEndpoint.handleResponseIssues(RemoteEndpoint.java:358)
	at org.eclipse.lsp4j.jsonrpc.RemoteEndpoint.handle(RemoteEndpoint.java:317)
	at org.eclipse.lsp4j.jsonrpc.json.StreamMessageProducer.handleMessage(StreamMessageProducer.java:198)
	at org.eclipse.lsp4j.jsonrpc.json.StreamMessageProducer.listen(StreamMessageProducer.java:94)
	at org.eclipse.lsp4j.jsonrpc.json.ConcurrentMessageProcessor.run(ConcurrentMessageProcessor.java:113)
	at java.util.concurrent.Executors$RunnableAdapter.call(Executors.java:511)
	at java.util.concurrent.FutureTask.run(FutureTask.java:266)
	at java.util.concurrent.ThreadPoolExecutor.runWorker(ThreadPoolExecutor.java:1149)
	at java.util.concurrent.ThreadPoolExecutor$Worker.run(ThreadPoolExecutor.java:624)
	at java.lang.Thread.run(Thread.java:750)

2023.12.04 20:47:27 WARN  no build target for: /Users/Nick/Git/mts_lt/weather/src/test/scala/ru/mts/perf/weather/cases/Forecast.scala
2023.12.04 20:47:28 INFO  no build target found for /Users/Nick/Git/mts_lt/weather/src/test/scala/ru/mts/perf/weather/cases/Forecast.scala. Using presentation compiler with project's scala-library version: 3.3.1
Π΄ΠµΠΊ 04, 2023 8:47:28 PM org.eclipse.lsp4j.jsonrpc.RemoteEndpoint handleCancellation
WARNING: Unmatched cancel notification for request id 3
Π΄ΠµΠΊ 04, 2023 8:47:28 PM org.eclipse.lsp4j.jsonrpc.RemoteEndpoint handleCancellation
WARNING: Unmatched cancel notification for request id 2
Π΄ΠµΠΊ 04, 2023 8:47:28 PM org.eclipse.lsp4j.jsonrpc.RemoteEndpoint handleCancellation
WARNING: Unmatched cancel notification for request id 1
2023.12.04 20:47:28 WARN  no build target for: /Users/Nick/Git/mts_lt/weather/src/test/scala/ru/mts/perf/weather/MaxPerformance.scala
2023.12.04 20:47:29 WARN  no build target for: /Users/Nick/Git/mts_lt/weather/src/test/scala/ru/mts/perf/weather/mts.scala
2023.12.04 20:47:31 INFO  time: code lens generation in 2.29s
2023.12.04 20:47:31 INFO  time: code lens generation in 2.36s
2023.12.04 20:47:31 INFO  time: code lens generation in 3.95s
2023.12.04 20:47:37 INFO  running '/Library/Internet Plug-Ins/JavaAppletPlugin.plugin/Contents/Home/bin/java -Djline.terminal=jline.UnsupportedTerminal -Dsbt.log.noformat=true -Dfile.encoding=UTF-8 -jar /var/folders/mr/htp1cp256l9_4ngz9ylmp3sr0000gp/T/metals7232572221107377875/sbt-launch.jar -Dbloop.export-jar-classifiers=sources bloopInstall'
2023.12.04 20:47:38 INFO  [info] welcome to sbt 1.7.1 (Oracle Corporation Java 1.8.0_391)
2023.12.04 20:47:41 INFO  [info] loading settings for project weather-build-build-build from metals.sbt ...
2023.12.04 20:47:41 INFO  [info] loading project definition from /Users/Nick/Git/mts_lt/weather/project/project/project
2023.12.04 20:47:45 INFO  [info] loading settings for project weather-build-build from metals.sbt ...
2023.12.04 20:47:45 INFO  [info] loading project definition from /Users/Nick/Git/mts_lt/weather/project/project
2023.12.04 20:47:46 INFO  [success] Generated .bloop/weather-build-build.json
2023.12.04 20:47:46 INFO  [success] Total time: 2 s, completed 04.12.2023 20:47:47
2023.12.04 20:47:48 INFO  [info] loading settings for project weather-build from metals.sbt,plugins.sbt ...
2023.12.04 20:47:48 INFO  [info] loading project definition from /Users/Nick/Git/mts_lt/weather/project
2023.12.04 20:47:49 INFO  [success] Generated .bloop/weather-build.json
2023.12.04 20:47:49 INFO  [info] compiling 1 Scala source to /Users/Nick/Git/mts_lt/weather/project/target/scala-2.12/sbt-1.0/classes ...
2023.12.04 20:47:53 INFO  [info] done compiling
2023.12.04 20:47:53 INFO  [success] Total time: 5 s, completed 04.12.2023 20:47:53
2023.12.04 20:47:54 INFO  [info] loading settings for project root from build.sbt ...
2023.12.04 20:47:54 INFO  [info] set current project to weather (in build file:/Users/Nick/Git/mts_lt/weather/)
2023.12.04 20:47:56 INFO  [success] Generated .bloop/root.json
2023.12.04 20:47:56 INFO  [success] Generated .bloop/root-it.json
2023.12.04 20:47:56 INFO  [success] Generated .bloop/root-test.json
2023.12.04 20:47:56 INFO  [success] Total time: 1 s, completed 04.12.2023 20:47:56
2023.12.04 20:47:56 INFO  time: ran 'sbt bloopInstall' in 19s
2023.12.04 20:47:56 INFO  Attempting to connect to the build server...
2023.12.04 20:47:56 INFO  Bloop uses /Library/Internet Plug-Ins/JavaAppletPlugin.plugin/Contents/Home defined at /Users/Nick/.bloop/bloop.json
2023.12.04 20:47:56 INFO  tracing is disabled for protocol BSP, to enable tracing of incoming and outgoing JSON messages create an empty file at /Users/Nick/Git/mts_lt/.metals/bsp.trace.json or /Users/Nick/Library/Caches/org.scalameta.metals/bsp.trace.json
2023.12.04 20:47:58 INFO  time: Connected to build server in 1.57s
2023.12.04 20:47:58 INFO  Connected to Build server: Bloop v1.5.11
2023.12.04 20:47:58 INFO  time: Imported build in 0.16s
2023.12.04 20:48:00 WARN  Could not find java sources in /Library/Internet Plug-Ins/JavaAppletPlugin.plugin/Contents/src.zip, /Library/Internet Plug-Ins/JavaAppletPlugin.plugin/Contents/lib/src.zip, /Library/Internet Plug-Ins/JavaAppletPlugin.plugin/Contents/Home/src.zip, /Library/Internet Plug-Ins/JavaAppletPlugin.plugin/Contents/Home/lib/src.zip, /Library/Internet Plug-Ins/JavaAppletPlugin.plugin/Contents/src.zip, /Library/Internet Plug-Ins/JavaAppletPlugin.plugin/Contents/lib/src.zip, /Library/Internet Plug-Ins/JavaAppletPlugin.plugin/Contents/Home/src.zip, /Library/Internet Plug-Ins/JavaAppletPlugin.plugin/Contents/Home/lib/src.zip. Java symbols will not be available.
2023.12.04 20:48:01 WARN  Could not find java sources in /Library/Internet Plug-Ins/JavaAppletPlugin.plugin/Contents/src.zip, /Library/Internet Plug-Ins/JavaAppletPlugin.plugin/Contents/lib/src.zip, /Library/Internet Plug-Ins/JavaAppletPlugin.plugin/Contents/Home/src.zip, /Library/Internet Plug-Ins/JavaAppletPlugin.plugin/Contents/Home/lib/src.zip, /Library/Internet Plug-Ins/JavaAppletPlugin.plugin/Contents/src.zip, /Library/Internet Plug-Ins/JavaAppletPlugin.plugin/Contents/lib/src.zip, /Library/Internet Plug-Ins/JavaAppletPlugin.plugin/Contents/Home/src.zip, /Library/Internet Plug-Ins/JavaAppletPlugin.plugin/Contents/Home/lib/src.zip. Java symbols will not be available.
2023.12.04 20:48:01 WARN  Could not find java sources in /Library/Internet Plug-Ins/JavaAppletPlugin.plugin/Contents/src.zip, /Library/Internet Plug-Ins/JavaAppletPlugin.plugin/Contents/lib/src.zip, /Library/Internet Plug-Ins/JavaAppletPlugin.plugin/Contents/Home/src.zip, /Library/Internet Plug-Ins/JavaAppletPlugin.plugin/Contents/Home/lib/src.zip, /Library/Internet Plug-Ins/JavaAppletPlugin.plugin/Contents/src.zip, /Library/Internet Plug-Ins/JavaAppletPlugin.plugin/Contents/lib/src.zip, /Library/Internet Plug-Ins/JavaAppletPlugin.plugin/Contents/Home/src.zip, /Library/Internet Plug-Ins/JavaAppletPlugin.plugin/Contents/Home/lib/src.zip. Java symbols will not be available.
2023.12.04 20:48:01 INFO  time: indexed workspace in 3.1s
2023.12.04 21:36:15 INFO  compiling root-test (11 scala sources)
2023.12.04 21:36:23 INFO  Deduplicating compilation of root-test from bsp client 'Metals 1.1.0' (since 48m 26.357s)
2023.12.04 21:36:23 INFO  compiling root-test (11 scala sources)
2023.12.04 21:36:23 INFO  time: compiled root-test in 0.98s
2023.12.04 21:37:37 INFO  compiling root-test (1 scala source)
2023.12.04 21:37:39 INFO  time: compiled root-test in 1.79s
Π΄ΠµΠΊ 04, 2023 9:38:02 PM scala.meta.internal.pc.CompilerAccess handleError
SEVERE: A severe compiler error occurred, full details of the error can be found in the error report /Users/Nick/Git/mts_lt/.metals/.reports/metals-full/2023-12-04/r_compiler-error_(root-test)_21-38-02-842.md
2023.12.04 21:38:02 WARN  Could not find semantic tokens for: file:///Users/Nick/Git/mts_lt/weather/src/test/scala/ru/mts/perf/weather/cases/Forecast.scala
2023.12.04 21:38:15 INFO  compiling root-test (1 scala source)
2023.12.04 21:38:17 INFO  time: compiled root-test in 2.07s
Π΄ΠµΠΊ 04, 2023 9:38:18 PM org.eclipse.lsp4j.jsonrpc.RemoteEndpoint handleCancellation
WARNING: Unmatched cancel notification for request id 185
Exception in thread "pool-6-thread-1" java.lang.Error: java.lang.InterruptedException
	at java.util.concurrent.ThreadPoolExecutor.runWorker(ThreadPoolExecutor.java:1155)
	at java.util.concurrent.ThreadPoolExecutor$Worker.run(ThreadPoolExecutor.java:624)
	at java.lang.Thread.run(Thread.java:750)
Caused by: java.lang.InterruptedException
	at scala.meta.internal.metals.FutureCancelToken.checkCanceled(FutureCancelToken.scala:29)
	at scala.meta.internal.pc.CompilerAccess.$anonfun$onCompilerJobQueue$1(CompilerAccess.scala:230)
	at scala.meta.internal.pc.CompilerJobQueue$Job.run(CompilerJobQueue.scala:152)
	at java.util.concurrent.ThreadPoolExecutor.runWorker(ThreadPoolExecutor.java:1149)
	... 2 more
2023.12.04 21:39:20 INFO  compiling root-test (1 scala source)
2023.12.04 21:39:21 INFO  time: compiled root-test in 1.09s
Π΄ΠµΠΊ 04, 2023 9:40:42 PM org.eclipse.lsp4j.jsonrpc.RemoteEndpoint handleCancellation
WARNING: Unmatched cancel notification for request id 268
Π΄ΠµΠΊ 04, 2023 9:41:26 PM org.eclipse.lsp4j.jsonrpc.RemoteEndpoint handleCancellation
WARNING: Unmatched cancel notification for request id 336
2023.12.04 21:41:30 INFO  compiling root-test (1 scala source)
2023.12.04 21:41:31 INFO  time: compiled root-test in 1.29s
2023.12.04 21:41:40 INFO  compiling root-test (1 scala source)
2023.12.04 21:41:40 INFO  time: compiled root-test in 0.71s
2023.12.04 21:41:51 INFO  compiling root-test (1 scala source)
2023.12.04 21:41:51 INFO  time: compiled root-test in 0.91s
2023.12.04 21:42:11 INFO  compiling root-test (1 scala source)
2023.12.04 21:42:11 INFO  time: compiled root-test in 0.94s
Π΄ΠµΠΊ 04, 2023 9:42:19 PM org.eclipse.lsp4j.jsonrpc.RemoteEndpoint handleCancellation
WARNING: Unmatched cancel notification for request id 417
2023.12.04 21:42:29 INFO  compiling root-test (1 scala source)
2023.12.04 21:42:29 INFO  time: compiled root-test in 0.93s
2023.12.04 21:42:41 INFO  compiling root-test (1 scala source)
2023.12.04 21:42:41 INFO  time: compiled root-test in 0.67s
Π΄ΠµΠΊ 04, 2023 9:43:00 PM scala.meta.internal.pc.CompilerAccess handleError
SEVERE: A severe compiler error occurred, full details of the error can be found in the error report /Users/Nick/Git/mts_lt/.metals/.reports/metals-full/2023-12-04/r_compiler-error_(root-test)_21-43-00-798.md
2023.12.04 21:43:00 WARN  Could not find semantic tokens for: file:///Users/Nick/Git/mts_lt/weather/src/test/scala/ru/mts/perf/weather/scenarios/ForecastScenario.scala
2023.12.04 21:51:14 INFO  compiling root-test (1 scala source)
2023.12.04 21:51:16 INFO  time: compiled root-test in 1.9s
Π΄ΠµΠΊ 04, 2023 9:51:16 PM org.eclipse.lsp4j.jsonrpc.RemoteEndpoint handleCancellation
WARNING: Unmatched cancel notification for request id 595
2023.12.04 21:51:31 INFO  compiling root-test (1 scala source)
2023.12.04 21:51:32 INFO  time: compiled root-test in 1.04s
2023.12.04 21:52:46 INFO  compiling root-test (1 scala source)
2023.12.04 21:52:46 INFO  time: compiled root-test in 0.98s
2023.12.04 21:53:25 INFO  compiling root-test (1 scala source)
2023.12.04 21:53:25 INFO  time: compiled root-test in 0.33s
2023.12.04 21:53:43 INFO  compiling root-test (1 scala source)
2023.12.04 21:53:43 INFO  time: compiled root-test in 0.23s
2023.12.04 21:53:48 INFO  compiling root-test (1 scala source)
2023.12.04 21:53:48 INFO  time: compiled root-test in 0.39s
2023.12.04 21:53:51 INFO  compiling root-test (2 scala sources)
2023.12.04 21:53:51 INFO  time: compiled root-test in 0.16s
2023.12.04 21:53:54 INFO  compiling root-test (2 scala sources)
2023.12.04 21:53:54 INFO  time: compiled root-test in 0.25s
2023.12.04 21:54:05 INFO  compiling root-test (2 scala sources)
2023.12.04 21:54:05 INFO  time: compiled root-test in 0.99s
Π΄ΠµΠΊ 04, 2023 9:54:39 PM scala.meta.internal.pc.CompilerAccess handleError
SEVERE: A severe compiler error occurred, full details of the error can be found in the error report /Users/Nick/Git/mts_lt/.metals/.reports/metals-full/2023-12-04/r_compiler-error_(root-test)_21-54-39-224.md
2023.12.04 21:54:39 WARN  Could not find semantic tokens for: file:///Users/Nick/Git/mts_lt/weather/src/test/scala/ru/mts/perf/weather/scenarios/CitiesScenario.scala
2023.12.04 21:55:09 INFO  compiling root-test (1 scala source)
2023.12.04 21:55:09 INFO  time: compiled root-test in 0.81s
2023.12.04 21:55:21 INFO  compiling root-test (1 scala source)
2023.12.04 21:55:21 INFO  time: compiled root-test in 0.96s
Π΄ΠµΠΊ 04, 2023 9:55:49 PM org.eclipse.lsp4j.jsonrpc.RemoteEndpoint handleCancellation
WARNING: Unmatched cancel notification for request id 1144
2023.12.04 21:57:55 INFO  compiling root-test (1 scala source)
2023.12.04 21:57:55 INFO  time: compiled root-test in 0.47s
2023.12.04 21:59:39 INFO  compiling root-test (1 scala source)
2023.12.04 21:59:40 INFO  time: compiled root-test in 1.33s
2023.12.04 21:59:49 INFO  compiling root-test (1 scala source)
2023.12.04 21:59:50 INFO  time: compiled root-test in 1.07s
2023.12.04 22:00:42 INFO  compiling root-test (1 scala source)
2023.12.04 22:00:43 INFO  time: compiled root-test in 1.1s
2023.12.04 22:03:13 INFO  compiling root-test (1 scala source)
2023.12.04 22:03:13 INFO  time: compiled root-test in 0.56s
2023.12.04 22:03:20 INFO  compiling root-test (1 scala source)
2023.12.04 22:03:22 INFO  time: compiled root-test in 1.42s
2023.12.04 22:08:24 INFO  compiling root-test (1 scala source)
2023.12.04 22:08:25 INFO  time: compiled root-test in 1.41s
Π΄ΠµΠΊ 04, 2023 10:09:07 PM org.eclipse.lsp4j.jsonrpc.RemoteEndpoint handleCancellation
WARNING: Unmatched cancel notification for request id 1947
2023.12.04 22:09:11 ERROR Failed to tokenize input for semantic tokens for /Users/Nick/Git/mts_lt/weather/src/test/scala/ru/mts/perf/weather/cases/Cities.scala
scala.meta.tokenizers.TokenizeException: <input>:8: error: unclosed character literal
'cityId' is defined 
       ^
	at scala.meta.internal.tokenizers.Reporter.syntaxError(Reporter.scala:23)
	at scala.meta.internal.tokenizers.Reporter.syntaxError$(Reporter.scala:23)
	at scala.meta.internal.tokenizers.Reporter$$anon$1.syntaxError(Reporter.scala:33)
	at scala.meta.internal.tokenizers.Reporter.syntaxError(Reporter.scala:25)
	at scala.meta.internal.tokenizers.Reporter.syntaxError$(Reporter.scala:25)
	at scala.meta.internal.tokenizers.Reporter$$anon$1.syntaxError(Reporter.scala:33)
	at scala.meta.internal.tokenizers.LegacyScanner.fetchSingleQuote$1(LegacyScanner.scala:407)
	at scala.meta.internal.tokenizers.LegacyScanner.fetchToken(LegacyScanner.scala:412)
	at scala.meta.internal.tokenizers.LegacyScanner.nextToken(LegacyScanner.scala:211)
	at scala.meta.internal.tokenizers.LegacyScanner.foreach(LegacyScanner.scala:1011)
	at scala.meta.internal.tokenizers.ScalametaTokenizer.uncachedTokenize(ScalametaTokenizer.scala:24)
	at scala.meta.internal.tokenizers.ScalametaTokenizer.$anonfun$tokenize$1(ScalametaTokenizer.scala:17)
	at scala.collection.concurrent.TrieMap.getOrElseUpdate(TrieMap.scala:962)
	at scala.meta.internal.tokenizers.ScalametaTokenizer.tokenize(ScalametaTokenizer.scala:17)
	at scala.meta.internal.tokenizers.ScalametaTokenizer$$anon$2.apply(ScalametaTokenizer.scala:332)
	at scala.meta.tokenizers.Api$XtensionTokenizeDialectInput.tokenize(Api.scala:25)
	at scala.meta.tokenizers.Api$XtensionTokenizeInputLike.tokenize(Api.scala:14)
	at scala.meta.internal.metals.SemanticTokensProvider$.getTokens(SemanticTokensProvider.scala:30)
	at scala.meta.internal.metals.SemanticTokensProvider$.provide(SemanticTokensProvider.scala:89)
	at scala.meta.internal.metals.Compilers.$anonfun$semanticTokens$3(Compilers.scala:539)
	at scala.concurrent.impl.Promise$Transformation.run(Promise.scala:467)
	at java.util.concurrent.ThreadPoolExecutor.runWorker(ThreadPoolExecutor.java:1149)
	at java.util.concurrent.ThreadPoolExecutor$Worker.run(ThreadPoolExecutor.java:624)
	at java.lang.Thread.run(Thread.java:750)

2023.12.04 22:10:23 ERROR Failed to tokenize input for semantic tokens for /Users/Nick/Git/mts_lt/weather/src/test/scala/ru/mts/perf/weather/cases/Cities.scala
scala.meta.tokenizers.TokenizeException: <input>:8: error: unclosed character literal
'cityId' is defined 
       ^
	at scala.meta.internal.tokenizers.Reporter.syntaxError(Reporter.scala:23)
	at scala.meta.internal.tokenizers.Reporter.syntaxError$(Reporter.scala:23)
	at scala.meta.internal.tokenizers.Reporter$$anon$1.syntaxError(Reporter.scala:33)
	at scala.meta.internal.tokenizers.Reporter.syntaxError(Reporter.scala:25)
	at scala.meta.internal.tokenizers.Reporter.syntaxError$(Reporter.scala:25)
	at scala.meta.internal.tokenizers.Reporter$$anon$1.syntaxError(Reporter.scala:33)
	at scala.meta.internal.tokenizers.LegacyScanner.fetchSingleQuote$1(LegacyScanner.scala:407)
	at scala.meta.internal.tokenizers.LegacyScanner.fetchToken(LegacyScanner.scala:412)
	at scala.meta.internal.tokenizers.LegacyScanner.nextToken(LegacyScanner.scala:211)
	at scala.meta.internal.tokenizers.LegacyScanner.foreach(LegacyScanner.scala:1011)
	at scala.meta.internal.tokenizers.ScalametaTokenizer.uncachedTokenize(ScalametaTokenizer.scala:24)
	at scala.meta.internal.tokenizers.ScalametaTokenizer.$anonfun$tokenize$1(ScalametaTokenizer.scala:17)
	at scala.collection.concurrent.TrieMap.getOrElseUpdate(TrieMap.scala:962)
	at scala.meta.internal.tokenizers.ScalametaTokenizer.tokenize(ScalametaTokenizer.scala:17)
	at scala.meta.internal.tokenizers.ScalametaTokenizer$$anon$2.apply(ScalametaTokenizer.scala:332)
	at scala.meta.tokenizers.Api$XtensionTokenizeDialectInput.tokenize(Api.scala:25)
	at scala.meta.tokenizers.Api$XtensionTokenizeInputLike.tokenize(Api.scala:14)
	at scala.meta.internal.metals.SemanticTokensProvider$.getTokens(SemanticTokensProvider.scala:30)
	at scala.meta.internal.metals.SemanticTokensProvider$.provide(SemanticTokensProvider.scala:89)
	at scala.meta.internal.metals.Compilers.$anonfun$semanticTokens$3(Compilers.scala:539)
	at scala.concurrent.impl.Promise$Transformation.run(Promise.scala:467)
	at java.util.concurrent.ThreadPoolExecutor.runWorker(ThreadPoolExecutor.java:1149)
	at java.util.concurrent.ThreadPoolExecutor$Worker.run(ThreadPoolExecutor.java:624)
	at java.lang.Thread.run(Thread.java:750)

2023.12.04 22:12:59 INFO  compiling root-test (1 scala source)
2023.12.04 22:13:01 INFO  time: compiled root-test in 1.42s
Π΄ΠµΠΊ 04, 2023 10:13:29 PM org.eclipse.lsp4j.jsonrpc.RemoteEndpoint handleCancellation
WARNING: Unmatched cancel notification for request id 2060
2023.12.04 22:14:07 INFO  compiling root-test (1 scala source)
2023.12.04 22:14:09 INFO  time: compiled root-test in 1.3s
2023.12.04 22:15:41 ERROR Failed to tokenize input for semantic tokens for /Users/Nick/Git/mts_lt/weather/src/test/scala/ru/mts/perf/weather/cases/Cities.scala
scala.meta.tokenizers.TokenizeException: <input>:13: error: unclosed character literal
'cityId' is defined 
       ^
	at scala.meta.internal.tokenizers.Reporter.syntaxError(Reporter.scala:23)
	at scala.meta.internal.tokenizers.Reporter.syntaxError$(Reporter.scala:23)
	at scala.meta.internal.tokenizers.Reporter$$anon$1.syntaxError(Reporter.scala:33)
	at scala.meta.internal.tokenizers.Reporter.syntaxError(Reporter.scala:25)
	at scala.meta.internal.tokenizers.Reporter.syntaxError$(Reporter.scala:25)
	at scala.meta.internal.tokenizers.Reporter$$anon$1.syntaxError(Reporter.scala:33)
	at scala.meta.internal.tokenizers.LegacyScanner.fetchSingleQuote$1(LegacyScanner.scala:407)
	at scala.meta.internal.tokenizers.LegacyScanner.fetchToken(LegacyScanner.scala:412)
	at scala.meta.internal.tokenizers.LegacyScanner.nextToken(LegacyScanner.scala:211)
	at scala.meta.internal.tokenizers.LegacyScanner.foreach(LegacyScanner.scala:1011)
	at scala.meta.internal.tokenizers.ScalametaTokenizer.uncachedTokenize(ScalametaTokenizer.scala:24)
	at scala.meta.internal.tokenizers.ScalametaTokenizer.$anonfun$tokenize$1(ScalametaTokenizer.scala:17)
	at scala.collection.concurrent.TrieMap.getOrElseUpdate(TrieMap.scala:962)
	at scala.meta.internal.tokenizers.ScalametaTokenizer.tokenize(ScalametaTokenizer.scala:17)
	at scala.meta.internal.tokenizers.ScalametaTokenizer$$anon$2.apply(ScalametaTokenizer.scala:332)
	at scala.meta.tokenizers.Api$XtensionTokenizeDialectInput.tokenize(Api.scala:25)
	at scala.meta.tokenizers.Api$XtensionTokenizeInputLike.tokenize(Api.scala:14)
	at scala.meta.internal.metals.SemanticTokensProvider$.getTokens(SemanticTokensProvider.scala:30)
	at scala.meta.internal.metals.SemanticTokensProvider$.provide(SemanticTokensProvider.scala:89)
	at scala.meta.internal.metals.Compilers.$anonfun$semanticTokens$3(Compilers.scala:539)
	at scala.concurrent.impl.Promise$Transformation.run(Promise.scala:467)
	at java.util.concurrent.ThreadPoolExecutor.runWorker(ThreadPoolExecutor.java:1149)
	at java.util.concurrent.ThreadPoolExecutor$Worker.run(ThreadPoolExecutor.java:624)
	at java.lang.Thread.run(Thread.java:750)

2023.12.04 22:15:53 INFO  compiling root-test (1 scala source)
2023.12.04 22:15:54 INFO  time: compiled root-test in 1.08s
2023.12.04 22:16:15 INFO  compiling root-test (1 scala source)
2023.12.04 22:16:16 INFO  time: compiled root-test in 1.1s
Π΄ΠµΠΊ 04, 2023 10:16:18 PM scala.meta.internal.pc.CompilerAccess handleError
SEVERE: A severe compiler error occurred, full details of the error can be found in the error report /Users/Nick/Git/mts_lt/.metals/.reports/metals-full/2023-12-04/r_compiler-error_(root-test)_22-16-18-372.md
2023.12.04 22:16:18 WARN  Could not find semantic tokens for: file:///Users/Nick/Git/mts_lt/weather/src/test/scala/ru/mts/perf/weather/Debug.scala
2023.12.04 22:16:27 INFO  compiling root-test (1 scala source)
2023.12.04 22:16:27 INFO  time: compiled root-test in 0.91s
2023.12.04 22:16:33 INFO  compiling root-test (1 scala source)
2023.12.04 22:16:34 INFO  time: compiled root-test in 1.56s
2023.12.04 22:16:34 INFO  compiling root-test (1 scala source)
2023.12.04 22:16:36 INFO  time: compiled root-test in 0.57s
2023.12.04 22:17:12 INFO  compiling root-test (1 scala source)
2023.12.04 22:17:12 INFO  time: compiled root-test in 0.79s
Π΄ΠµΠΊ 04, 2023 10:17:13 PM scala.meta.internal.pc.CompilerAccess handleError
SEVERE: A severe compiler error occurred, full details of the error can be found in the error report /Users/Nick/Git/mts_lt/.metals/.reports/metals-full/2023-12-04/r_compiler-error_(root-test)_22-17-13-386.md
2023.12.04 22:17:13 WARN  Could not find semantic tokens for: file:///Users/Nick/Git/mts_lt/weather/src/test/scala/ru/mts/perf/weather/Debug.scala
2023.12.04 22:17:16 INFO  compiling root-test (1 scala source)
2023.12.04 22:17:16 INFO  time: compiled root-test in 0.63s
2023.12.04 22:17:26 INFO  compiling root-test (1 scala source)
2023.12.04 22:17:26 INFO  time: compiled root-test in 0.73s
2023.12.04 22:24:50 INFO  compiling root-test (1 scala source)
2023.12.04 22:24:53 INFO  time: compiled root-test in 2.77s
Π΄ΠµΠΊ 04, 2023 10:29:56 PM org.eclipse.lsp4j.jsonrpc.RemoteEndpoint handleCancellation
WARNING: Unmatched cancel notification for request id 2482
Π΄ΠµΠΊ 04, 2023 10:33:14 PM scala.meta.internal.pc.CompilerAccess handleError
SEVERE: A severe compiler error occurred, full details of the error can be found in the error report /Users/Nick/Git/mts_lt/.metals/.reports/metals-full/2023-12-04/r_compiler-error_(root-test)_22-33-14-038.md
2023.12.04 22:33:14 WARN  Could not find semantic tokens for: file:///Users/Nick/Git/mts_lt/weather/src/test/scala/ru/mts/perf/weather/cases/Forecast.scala
2023.12.04 22:36:23 INFO  compiling root-test (1 scala source)
2023.12.04 22:36:25 INFO  time: compiled root-test in 2.16s
Π΄ΠµΠΊ 04, 2023 10:39:27 PM org.eclipse.lsp4j.jsonrpc.services.GenericEndpoint notify
INFO: Unsupported notification method: $/setTrace
